0 info it worked if it ends with ok
1 verbose cli [ '/opt/local/bin/node', '/opt/local/bin/npm', 'start' ]
2 info using npm@3.10.5
3 info using node@v6.7.0
4 verbose stack Error: Invalid name: "bb-http-server sample"
4 verbose stack     at ensureValidName (/opt/local/lib/node_modules/npm/node_modules/normalize-package-data/lib/fixer.js:336:15)
4 verbose stack     at Object.fixNameField (/opt/local/lib/node_modules/npm/node_modules/normalize-package-data/lib/fixer.js:215:5)
4 verbose stack     at /opt/local/lib/node_modules/npm/node_modules/normalize-package-data/lib/normalize.js:32:38
4 verbose stack     at Array.forEach (native)
4 verbose stack     at normalize (/opt/local/lib/node_modules/npm/node_modules/normalize-package-data/lib/normalize.js:31:15)
4 verbose stack     at final (/opt/local/lib/node_modules/npm/node_modules/read-package-json/read-json.js:349:5)
4 verbose stack     at then (/opt/local/lib/node_modules/npm/node_modules/read-package-json/read-json.js:124:5)
4 verbose stack     at ReadFileContext.<anonymous> (/opt/local/lib/node_modules/npm/node_modules/read-package-json/read-json.js:308:29)
4 verbose stack     at ReadFileContext.callback (/opt/local/lib/node_modules/npm/node_modules/graceful-fs/graceful-fs.js:78:16)
4 verbose stack     at FSReqWrap.readFileAfterOpen [as oncomplete] (fs.js:365:13)
5 verbose cwd /Users/takayoshi/Documents/node/bb-http-server-sample
6 error Darwin 16.0.0
7 error argv "/opt/local/bin/node" "/opt/local/bin/npm" "start"
8 error node v6.7.0
9 error npm  v3.10.5
10 error Invalid name: "bb-http-server sample"
11 error If you need help, you may report this error at:
11 error     <https://github.com/npm/npm/issues>
12 verbose exit [ 1, true ]
